app/build/intermediates/manifest_merge_blame_file/release/manifest-merger-blame-release-report.txt
1<?xml version="1.0" encoding="utf-8"?>
2<manifest xmlns:android="http://schemas.android.com/apk/res/android"
3    xmlns:dist="http://schemas.android.com/apk/distribution"
4    package="com.shs.trophiesapp"
5    android:versionCode="1"
6    android:versionName="1.0" >
7
8    <uses-sdk
9        android:minSdkVersion="25"
9-->src/main/AndroidManifest.xml
10        android:targetSdkVersion="29" />
10-->src/main/AndroidManifest.xml
11
12    <dist:module dist:instant="true" />
12-->src/main/AndroidManifest.xml:6:5-40
12-->src/main/AndroidManifest.xml:6:18-37
13
14    <uses-permission android:name="android.permission.WRITE_EXTERNAL_STORAGE" />
14-->src/main/AndroidManifest.xml:8:5-81
14-->src/main/AndroidManifest.xml:8:22-78
15    <uses-permission android:name="android.permission.READ_EXTERNAL_STORAGE" />
15-->src/main/AndroidManifest.xml:9:5-80
15-->src/main/AndroidManifest.xml:9:22-77
16    <uses-permission android:name="android.permission.INTERNET" />
16-->src/main/AndroidManifest.xml:10:5-67
16-->src/main/AndroidManifest.xml:10:22-64
17    <uses-permission android:name="android.permission.WAKE_LOCK" />
17-->[androidx.work:work-runtime:2.3.2] AndroidManifest.xml:25:5-68
17-->[androidx.work:work-runtime:2.3.2] AndroidManifest.xml:25:22-65
18    <uses-permission android:name="android.permission.ACCESS_NETWORK_STATE" />
18-->[androidx.work:work-runtime:2.3.2] AndroidManifest.xml:26:5-79
18-->[androidx.work:work-runtime:2.3.2] AndroidManifest.xml:26:22-76
19    <uses-permission android:name="android.permission.RECEIVE_BOOT_COMPLETED" />
19-->[androidx.work:work-runtime:2.3.2] AndroidManifest.xml:27:5-81
19-->[androidx.work:work-runtime:2.3.2] AndroidManifest.xml:27:22-78
20    <uses-permission android:name="android.permission.FOREGROUND_SERVICE" />
20-->[androidx.work:work-runtime:2.3.2] AndroidManifest.xml:28:5-77
20-->[androidx.work:work-runtime:2.3.2] AndroidManifest.xml:28:22-74
21
22    <application
22-->src/main/AndroidManifest.xml:12:5-41:19
23        android:allowBackup="true"
23-->src/main/AndroidManifest.xml:13:9-35
24        android:appComponentFactory="androidx.core.app.CoreComponentFactory"
24-->[androidx.core:core:1.1.0] AndroidManifest.xml:24:18-86
25        android:fullBackupContent="@xml/backup"
25-->src/main/AndroidManifest.xml:14:9-48
26        android:icon="@mipmap/ic_launcher"
26-->src/main/AndroidManifest.xml:15:9-43
27        android:label="@string/app_name"
27-->src/main/AndroidManifest.xml:16:9-41
28        android:roundIcon="@mipmap/ic_launcher_round"
28-->src/main/AndroidManifest.xml:17:9-54
29        android:supportsRtl="true"
29-->src/main/AndroidManifest.xml:18:9-35
30        android:testOnly="true"
30-->src/main/AndroidManifest.xml:19:9-32
31        android:theme="@style/AppTheme.NoActionBar" >
31-->src/main/AndroidManifest.xml:20:9-52
32        <activity
32-->src/main/AndroidManifest.xml:21:9-29:20
33            android:name="com.shs.trophiesapp.ui.SetupActivity"
33-->src/main/AndroidManifest.xml:22:13-45
34            android:theme="@style/AppTheme.NoActionBar" >
34-->src/main/AndroidManifest.xml:23:13-56
35            <intent-filter>
35-->src/main/AndroidManifest.xml:24:13-28:29
36                <action android:name="android.intent.action.MAIN" />
36-->src/main/AndroidManifest.xml:25:17-69
36-->src/main/AndroidManifest.xml:25:25-66
37
38                <category android:name="android.intent.category.LAUNCHER" />
38-->src/main/AndroidManifest.xml:27:17-77
38-->src/main/AndroidManifest.xml:27:27-74
39            </intent-filter>
40        </activity>
41        <activity android:name="com.shs.trophiesapp.ui.trophies.TrophiesActivity" >
41-->src/main/AndroidManifest.xml:30:9-32:20
41-->src/main/AndroidManifest.xml:31:13-76
42        </activity>
43        <activity
43-->src/main/AndroidManifest.xml:33:9-36:20
44            android:name="com.shs.trophiesapp.ui.sports.SportsActivity"
44-->src/main/AndroidManifest.xml:34:13-72
45            android:label="@string/app_name" >
45-->src/main/AndroidManifest.xml:35:13-45
46        </activity>
47
48        <meta-data
48-->src/main/AndroidManifest.xml:38:9-40:57
49            android:name="preloaded_fonts"
49-->src/main/AndroidManifest.xml:39:13-43
50            android:resource="@array/preloaded_fonts" />
50-->src/main/AndroidManifest.xml:40:13-54
51
52        <activity android:name="com.mikepenz.aboutlibraries.ui.LibsActivity" />
52-->[com.mikepenz:aboutlibraries:6.2.3] AndroidManifest.xml:12:9-80
52-->[com.mikepenz:aboutlibraries:6.2.3] AndroidManifest.xml:12:19-77
53
54        <provider
54-->[androidx.work:work-runtime:2.3.2] AndroidManifest.xml:31:9-37:35
55            android:name="androidx.work.impl.WorkManagerInitializer"
55-->[androidx.work:work-runtime:2.3.2] AndroidManifest.xml:32:13-69
56            android:authorities="com.shs.trophiesapp.workmanager-init"
56-->[androidx.work:work-runtime:2.3.2] AndroidManifest.xml:33:13-68
57            android:directBootAware="false"
57-->[androidx.work:work-runtime:2.3.2] AndroidManifest.xml:34:13-44
58            android:exported="false"
58-->[androidx.work:work-runtime:2.3.2] AndroidManifest.xml:35:13-37
59            android:multiprocess="true" />
59-->[androidx.work:work-runtime:2.3.2] AndroidManifest.xml:36:13-40
60
61        <service
61-->[androidx.work:work-runtime:2.3.2] AndroidManifest.xml:39:9-44:35
62            android:name="androidx.work.impl.background.systemalarm.SystemAlarmService"
62-->[androidx.work:work-runtime:2.3.2] AndroidManifest.xml:40:13-88
63            android:directBootAware="false"
63-->[androidx.work:work-runtime:2.3.2] AndroidManifest.xml:41:13-44
64            android:enabled="@bool/enable_system_alarm_service_default"
64-->[androidx.work:work-runtime:2.3.2] AndroidManifest.xml:42:13-72
65            android:exported="false" />
65-->[androidx.work:work-runtime:2.3.2] AndroidManifest.xml:43:13-37
66        <service
66-->[androidx.work:work-runtime:2.3.2] AndroidManifest.xml:45:9-51:35
67            android:name="androidx.work.impl.background.systemjob.SystemJobService"
67-->[androidx.work:work-runtime:2.3.2] AndroidManifest.xml:46:13-84
68            android:directBootAware="false"
68-->[androidx.work:work-runtime:2.3.2] AndroidManifest.xml:47:13-44
69            android:enabled="@bool/enable_system_job_service_default"
69-->[androidx.work:work-runtime:2.3.2] AndroidManifest.xml:48:13-70
70            android:exported="true"
70-->[androidx.work:work-runtime:2.3.2] AndroidManifest.xml:49:13-36
71            android:permission="android.permission.BIND_JOB_SERVICE" />
71-->[androidx.work:work-runtime:2.3.2] AndroidManifest.xml:50:13-69
72        <service
72-->[androidx.work:work-runtime:2.3.2] AndroidManifest.xml:52:9-57:35
73            android:name="androidx.work.impl.foreground.SystemForegroundService"
73-->[androidx.work:work-runtime:2.3.2] AndroidManifest.xml:53:13-81
74            android:directBootAware="false"
74-->[androidx.work:work-runtime:2.3.2] AndroidManifest.xml:54:13-44
75            android:enabled="@bool/enable_system_foreground_service_default"
75-->[androidx.work:work-runtime:2.3.2] AndroidManifest.xml:55:13-77
76            android:exported="false" />
76-->[androidx.work:work-runtime:2.3.2] AndroidManifest.xml:56:13-37
77
78        <receiver
78-->[androidx.work:work-runtime:2.3.2] AndroidManifest.xml:59:9-64:35
79            android:name="androidx.work.impl.utils.ForceStopRunnable$BroadcastReceiver"
79-->[androidx.work:work-runtime:2.3.2] AndroidManifest.xml:60:13-88
80            android:directBootAware="false"
80-->[androidx.work:work-runtime:2.3.2] AndroidManifest.xml:61:13-44
81            android:enabled="true"
81-->[androidx.work:work-runtime:2.3.2] AndroidManifest.xml:62:13-35
82            android:exported="false" />
82-->[androidx.work:work-runtime:2.3.2] AndroidManifest.xml:63:13-37
83        <receiver
83-->[androidx.work:work-runtime:2.3.2] AndroidManifest.xml:65:9-75:20
84            android:name="androidx.work.impl.background.systemalarm.ConstraintProxy$BatteryChargingProxy"
84-->[androidx.work:work-runtime:2.3.2] AndroidManifest.xml:66:13-106
85            android:directBootAware="false"
85-->[androidx.work:work-runtime:2.3.2] AndroidManifest.xml:67:13-44
86            android:enabled="false"
86-->[androidx.work:work-runtime:2.3.2] AndroidManifest.xml:68:13-36
87            android:exported="false" >
87-->[androidx.work:work-runtime:2.3.2] AndroidManifest.xml:69:13-37
88            <intent-filter>
88-->[androidx.work:work-runtime:2.3.2] AndroidManifest.xml:71:13-74:29
89                <action android:name="android.intent.action.ACTION_POWER_CONNECTED" />
89-->[androidx.work:work-runtime:2.3.2] AndroidManifest.xml:72:17-87
89-->[androidx.work:work-runtime:2.3.2] AndroidManifest.xml:72:25-84
90                <action android:name="android.intent.action.ACTION_POWER_DISCONNECTED" />
90-->[androidx.work:work-runtime:2.3.2] AndroidManifest.xml:73:17-90
90-->[androidx.work:work-runtime:2.3.2] AndroidManifest.xml:73:25-87
91            </intent-filter>
92        </receiver>
93        <receiver
93-->[androidx.work:work-runtime:2.3.2] AndroidManifest.xml:76:9-86:20
94            android:name="androidx.work.impl.background.systemalarm.ConstraintProxy$BatteryNotLowProxy"
94-->[androidx.work:work-runtime:2.3.2] AndroidManifest.xml:77:13-104
95            android:directBootAware="false"
95-->[androidx.work:work-runtime:2.3.2] AndroidManifest.xml:78:13-44
96            android:enabled="false"
96-->[androidx.work:work-runtime:2.3.2] AndroidManifest.xml:79:13-36
97            android:exported="false" >
97-->[androidx.work:work-runtime:2.3.2] AndroidManifest.xml:80:13-37
98            <intent-filter>
98-->[androidx.work:work-runtime:2.3.2] AndroidManifest.xml:82:13-85:29
99                <action android:name="android.intent.action.BATTERY_OKAY" />
99-->[androidx.work:work-runtime:2.3.2] AndroidManifest.xml:83:17-77
99-->[androidx.work:work-runtime:2.3.2] AndroidManifest.xml:83:25-74
100                <action android:name="android.intent.action.BATTERY_LOW" />
100-->[androidx.work:work-runtime:2.3.2] AndroidManifest.xml:84:17-76
100-->[androidx.work:work-runtime:2.3.2] AndroidManifest.xml:84:25-73
101            </intent-filter>
102        </receiver>
103        <receiver
103-->[androidx.work:work-runtime:2.3.2] AndroidManifest.xml:87:9-97:20
104            android:name="androidx.work.impl.background.systemalarm.ConstraintProxy$StorageNotLowProxy"
104-->[androidx.work:work-runtime:2.3.2] AndroidManifest.xml:88:13-104
105            android:directBootAware="false"
105-->[androidx.work:work-runtime:2.3.2] AndroidManifest.xml:89:13-44
106            android:enabled="false"
106-->[androidx.work:work-runtime:2.3.2] AndroidManifest.xml:90:13-36
107            android:exported="false" >
107-->[androidx.work:work-runtime:2.3.2] AndroidManifest.xml:91:13-37
108            <intent-filter>
108-->[androidx.work:work-runtime:2.3.2] AndroidManifest.xml:93:13-96:29
109                <action android:name="android.intent.action.DEVICE_STORAGE_LOW" />
109-->[androidx.work:work-runtime:2.3.2] AndroidManifest.xml:94:17-83
109-->[androidx.work:work-runtime:2.3.2] AndroidManifest.xml:94:25-80
110                <action android:name="android.intent.action.DEVICE_STORAGE_OK" />
110-->[androidx.work:work-runtime:2.3.2] AndroidManifest.xml:95:17-82
110-->[androidx.work:work-runtime:2.3.2] AndroidManifest.xml:95:25-79
111            </intent-filter>
112        </receiver>
113        <receiver
113-->[androidx.work:work-runtime:2.3.2] AndroidManifest.xml:98:9-107:20
114            android:name="androidx.work.impl.background.systemalarm.ConstraintProxy$NetworkStateProxy"
114-->[androidx.work:work-runtime:2.3.2] AndroidManifest.xml:99:13-103
115            android:directBootAware="false"
115-->[androidx.work:work-runtime:2.3.2] AndroidManifest.xml:100:13-44
116            android:enabled="false"
116-->[androidx.work:work-runtime:2.3.2] AndroidManifest.xml:101:13-36
117            android:exported="false" >
117-->[androidx.work:work-runtime:2.3.2] AndroidManifest.xml:102:13-37
118            <intent-filter>
118-->[androidx.work:work-runtime:2.3.2] AndroidManifest.xml:104:13-106:29
119                <action android:name="android.net.conn.CONNECTIVITY_CHANGE" />
119-->[androidx.work:work-runtime:2.3.2] AndroidManifest.xml:105:17-79
119-->[androidx.work:work-runtime:2.3.2] AndroidManifest.xml:105:25-76
120            </intent-filter>
121        </receiver>
122        <receiver
122-->[androidx.work:work-runtime:2.3.2] AndroidManifest.xml:108:9-119:20
123            android:name="androidx.work.impl.background.systemalarm.RescheduleReceiver"
123-->[androidx.work:work-runtime:2.3.2] AndroidManifest.xml:109:13-88
124            android:directBootAware="false"
124-->[androidx.work:work-runtime:2.3.2] AndroidManifest.xml:110:13-44
125            android:enabled="false"
125-->[androidx.work:work-runtime:2.3.2] AndroidManifest.xml:111:13-36
126            android:exported="false" >
126-->[androidx.work:work-runtime:2.3.2] AndroidManifest.xml:112:13-37
127            <intent-filter>
127-->[androidx.work:work-runtime:2.3.2] AndroidManifest.xml:114:13-118:29
128                <action android:name="android.intent.action.BOOT_COMPLETED" />
128-->[androidx.work:work-runtime:2.3.2] AndroidManifest.xml:115:17-79
128-->[androidx.work:work-runtime:2.3.2] AndroidManifest.xml:115:25-76
129                <action android:name="android.intent.action.TIME_SET" />
129-->[androidx.work:work-runtime:2.3.2] AndroidManifest.xml:116:17-73
129-->[androidx.work:work-runtime:2.3.2] AndroidManifest.xml:116:25-70
130                <action android:name="android.intent.action.TIMEZONE_CHANGED" />
130-->[androidx.work:work-runtime:2.3.2] AndroidManifest.xml:117:17-81
130-->[androidx.work:work-runtime:2.3.2] AndroidManifest.xml:117:25-78
131            </intent-filter>
132        </receiver>
133        <receiver
133-->[androidx.work:work-runtime:2.3.2] AndroidManifest.xml:120:9-129:20
134            android:name="androidx.work.impl.background.systemalarm.ConstraintProxyUpdateReceiver"
134-->[androidx.work:work-runtime:2.3.2] AndroidManifest.xml:121:13-99
135            android:directBootAware="false"
135-->[androidx.work:work-runtime:2.3.2] AndroidManifest.xml:122:13-44
136            android:enabled="@bool/enable_system_alarm_service_default"
136-->[androidx.work:work-runtime:2.3.2] AndroidManifest.xml:123:13-72
137            android:exported="false" >
137-->[androidx.work:work-runtime:2.3.2] AndroidManifest.xml:124:13-37
138            <intent-filter>
138-->[androidx.work:work-runtime:2.3.2] AndroidManifest.xml:126:13-128:29
139                <action android:name="androidx.work.impl.background.systemalarm.UpdateProxies" />
139-->[androidx.work:work-runtime:2.3.2] AndroidManifest.xml:127:17-98
139-->[androidx.work:work-runtime:2.3.2] AndroidManifest.xml:127:25-95
140            </intent-filter>
141        </receiver>
142
143        <service
143-->[androidx.room:room-runtime:2.2.3] AndroidManifest.xml:25:9-27:40
144            android:name="androidx.room.MultiInstanceInvalidationService"
144-->[androidx.room:room-runtime:2.2.3] AndroidManifest.xml:26:13-74
145            android:exported="false" />
145-->[androidx.room:room-runtime:2.2.3] AndroidManifest.xml:27:13-37
146
147        <provider
147-->[androidx.lifecycle:lifecycle-process:2.0.0] AndroidManifest.xml:23:9-27:43
148            android:name="androidx.lifecycle.ProcessLifecycleOwnerInitializer"
148-->[androidx.lifecycle:lifecycle-process:2.0.0] AndroidManifest.xml:24:13-79
149            android:authorities="com.shs.trophiesapp.lifecycle-process"
149-->[androidx.lifecycle:lifecycle-process:2.0.0] AndroidManifest.xml:25:13-69
150            android:exported="false"
150-->[androidx.lifecycle:lifecycle-process:2.0.0] AndroidManifest.xml:26:13-37
151            android:multiprocess="true" />
151-->[androidx.lifecycle:lifecycle-process:2.0.0] AndroidManifest.xml:27:13-40
152    </application>
153
154</manifest>